{instrument,"DX","NYBOT",5.00000e-3,1000}
{instrument,"CHF","GLOBEX",1.00000e-4,125000}
{instrument,"CAD","GLOBEX",1.00000e-4,100000}
{instrument,"AUD","GLOBEX",1.00000e-4,100000}
{instrument,"GBP","GLOBEX",1.00000e-4,62500}
{instrument,"JPY","GLOBEX",1.00000e-6,12500000}
{instrument,"EUR","GLOBEX",1.00000e-4,125000}
{instrument,"HE","GLOBEX",2.50000e-2,400}
{instrument,"LE","GLOBEX",2.50000e-2,400}
{instrument,"OJ","NYBOT",5.00000e-4,15000}
{instrument,"CT","NYBOT",1.00000e-4,50000}
{instrument,"SB","NYBOT",1.00000e-4,112000}
{instrument,"CC","NYBOT",1,10}
{instrument,"KC","NYBOT",5.00000e-4,37500}
{instrument,"ZC","ECBOT",0.250000,50}
{instrument,"ZW","ECBOT",0.250000,50}
{instrument,"ZM","ECBOT",0.100000,100}
{instrument,"ZL","ECBOT",1.00000e-4,60000}
{instrument,"ZS","ECBOT",0.250000,50}
{instrument,"PL","NYMEX",0.100000,50}
{instrument,"HG","NYMEX",5.00000e-4,25000}
{instrument,"SI","NYMEX",5.00000e-3,5000}
{instrument,"GC","NYMEX",0.100000,100}
{instrument,"HO","NYMEX",1.00000e-4,42000}
{instrument,"QG","NYMEX",5.00000e-3,2500}
{instrument,"NG","NYMEX",1.00000e-3,10000}
{instrument,"WTI","IPE",1.00000e-2,1000}
{instrument,"GOIL","IPE",0.250000,100}
{instrument,"COIL","IPE",1.00000e-2,1000}
{instrument,"QM","NYMEX",2.50000e-2,500}
{instrument,"CL","NYMEX",1.00000e-2,1000}
{instrument,"GE","GLOBEX",5.00000e-3,2500}
{instrument,"ZT","ECBOT",7.81250e-3,2000}
{instrument,"ZF","ECBOT",7.81250e-3,1000}
{instrument,"ZN","ECBOT",1.56250e-2,1000}
{instrument,"ZB","ECBOT",3.12500e-2,1000}
{instrument,"GBL","DTB",1.00000e-2,1000}
{instrument,"NQ","GLOBEX",0.250000,20}
{instrument,"ES","GLOBEX",0.250000,50}
